Error in DE(datos, 45) : object 'stopDE' not found
Execution halted
[1] "1"                 "solucion "         "0.347842921315195"
[1] "2"                 "solucion "         "0.371517325484307"
[1] "3"                 "solucion "         "0.383519323131774"
[1] "4"                "solucion "        "0.39231247743924"
[1] "5"                 "solucion "         "0.395087988949006"
[1] "6"                 "solucion "         "0.395087988949006"
[1] "7"                 "solucion "         "0.395087988949006"
[1] "8"                 "solucion "         "0.395109754594841"
[1] "9"                 "solucion "         "0.397647945512784"
[1] "10"                "solucion "         "0.398066207135469"
[1] "11"                "solucion "         "0.404083172910137"
[1] "12"                "solucion "         "0.404083172910137"
[1] "13"                "solucion "         "0.404083172910137"
[1] "14"                "solucion "         "0.404083172910137"
[1] "15"                "solucion "         "0.404083172910137"
[1] "16"                "solucion "         "0.404083172910137"
[1] "17"                "solucion "         "0.404083172910137"
[1] "18"                "solucion "         "0.404083172910137"
[1] "19"                "solucion "         "0.404083172910137"
[1] "20"                "solucion "         "0.404083172910137"
[1] "21"                "solucion "         "0.404083172910137"
[1] "22"                "solucion "         "0.405167321131305"
[1] "23"                "solucion "         "0.405167321131305"
[1] "24"                "solucion "         "0.405167321131305"
[1] "25"                "solucion "         "0.405167321131305"
[1] "26"                "solucion "         "0.405167321131305"
[1] "27"                "solucion "         "0.405167321131305"
[1] "28"                "solucion "         "0.405167321131305"
[1] "29"                "solucion "         "0.405167321131305"
[1] "30"                "solucion "         "0.405167321131305"
[1] "31"                "solucion "         "0.405167321131305"
[1] "32"                "solucion "         "0.405167321131305"
[1] "33"                "solucion "         "0.405167321131305"
[1] "34"                "solucion "         "0.405167321131305"
[1] "35"                "solucion "         "0.405167321131305"
[1] "36"                "solucion "         "0.405167321131305"
[1] "37"                "solucion "         "0.405167321131305"
[1] "38"                "solucion "         "0.405167321131305"
[1] "39"                "solucion "         "0.405167321131305"
[1] "40"                "solucion "         "0.405167321131305"
[1] "41"                "solucion "         "0.405167321131305"
[1] "42"                "solucion "         "0.405167321131305"
[1] "43"                "solucion "         "0.405167321131305"
[1] "44"                "solucion "         "0.405167321131305"
[1] "45"                "solucion "         "0.405167321131305"
[1] "46"                "solucion "         "0.405167321131305"
[1] "47"                "solucion "         "0.405167321131305"
[1] "48"                "solucion "         "0.405167321131305"
[1] "49"                "solucion "         "0.405167321131305"
[1] "50"                "solucion "         "0.405167321131305"
[1] "51"                "solucion "         "0.405167321131305"
[1] "52"                "solucion "         "0.405167321131305"
[1] "53"                "solucion "         "0.405167321131305"
[1] "54"                "solucion "         "0.405167321131305"
[1] "55"                "solucion "         "0.405167321131305"
[1] "56"                "solucion "         "0.406387972899731"
[1] "57"                "solucion "         "0.406387972899731"
[1] "58"                "solucion "         "0.406387972899731"
[1] "59"                "solucion "         "0.406387972899731"
[1] "60"                "solucion "         "0.406387972899731"
[1] "61"                "solucion "         "0.406387972899731"
[1] "62"                "solucion "         "0.406387972899731"
[1] "63"                "solucion "         "0.406387972899731"
[1] "64"                "solucion "         "0.406387972899731"
[1] "65"                "solucion "         "0.406387972899731"
[1] "66"                "solucion "         "0.406387972899731"
[1] "67"                "solucion "         "0.406387972899731"
[1] "68"                "solucion "         "0.406387972899731"
[1] "69"                "solucion "         "0.406387972899731"
[1] "70"                "solucion "         "0.406387972899731"
[1] "71"                "solucion "         "0.406387972899731"
[1] "72"                "solucion "         "0.406387972899731"
[1] "73"                "solucion "         "0.406387972899731"
[1] "74"                "solucion "         "0.406387972899731"
[1] "75"                "solucion "         "0.406387972899731"
[1] "76"                "solucion "         "0.406387972899731"
[1] "77"                "solucion "         "0.406387972899731"
[1] "78"                "solucion "         "0.406387972899731"
[1] "79"                "solucion "         "0.406387972899731"
[1] "80"                "solucion "         "0.406387972899731"
[1] "81"                "solucion "         "0.406387972899731"
[1] "82"                "solucion "         "0.406387972899731"
[1] "83"                "solucion "         "0.406387972899731"
[1] "84"                "solucion "         "0.406387972899731"
[1] "85"                "solucion "         "0.406387972899731"
[1] "86"                "solucion "         "0.406387972899731"
[1] "87"                "solucion "         "0.406387972899731"
[1] "88"                "solucion "         "0.406387972899731"
[1] "89"                "solucion "         "0.406387972899731"
[1] "90"                "solucion "         "0.406387972899731"
[1] "91"                "solucion "         "0.406387972899731"
[1] "92"                "solucion "         "0.406387972899731"
[1] "93"                "solucion "         "0.406387972899731"
[1] "94"                "solucion "         "0.406387972899731"
[1] "95"                "solucion "         "0.406387972899731"
[1] "96"                "solucion "         "0.406387972899731"
[1] "97"                "solucion "         "0.406387972899731"
[1] "98"                "solucion "         "0.406387972899731"
[1] "99"                "solucion "         "0.406387972899731"
[1] "100"               "solucion "         "0.406387972899731"
[1] "46195.19" "0.292"    "46274.51" "0"        "0"       
[1] "valor fitness "    "0.406387972899731" "posicion "        
[4] "38"               
Error in vectorJaccard(cluster1, cluster2, cluster3, cluster4) : 
  could not find function "vectorJaccard"
Execution halted
[1] "1"                 "solucion "         "0.373383453853593"
[1] "2"                 "solucion "         "0.383538492678761"
[1] "3"                 "solucion "         "0.395630596096234"
[1] "4"                 "solucion "         "0.405758585351921"
[1] "5"                 "solucion "         "0.405758585351921"
[1] "6"                 "solucion "         "0.405758585351921"
[1] "7"                 "solucion "         "0.405758585351921"
[1] "8"                 "solucion "         "0.406131291540877"
[1] "9"                 "solucion "         "0.408692198892763"
[1] "10"                "solucion "         "0.408692198892763"
[1] "11"                "solucion "         "0.408692198892763"
[1] "12"                "solucion "         "0.408692198892763"
[1] "13"                "solucion "         "0.408692198892763"
[1] "14"                "solucion "         "0.408886760403125"
[1] "15"                "solucion "         "0.408886760403125"
[1] "16"                "solucion "         "0.408886760403125"
[1] "17"                "solucion "         "0.408886760403125"
[1] "18"                "solucion "         "0.408886760403125"
[1] "19"                "solucion "         "0.408886760403125"
[1] "20"                "solucion "         "0.408886760403125"
[1] "21"                "solucion "         "0.408886760403125"
[1] "22"                "solucion "         "0.408886760403125"
[1] "23"                "solucion "         "0.408886760403125"
[1] "24"                "solucion "         "0.408886760403125"
[1] "25"                "solucion "         "0.408886760403125"
[1] "26"                "solucion "         "0.408886760403125"
[1] "27"                "solucion "         "0.408886760403125"
[1] "28"                "solucion "         "0.408886760403125"
[1] "29"                "solucion "         "0.408886760403125"
[1] "30"                "solucion "         "0.408886760403125"
[1] "31"                "solucion "         "0.408886760403125"
[1] "32"                "solucion "         "0.408886760403125"
[1] "33"                "solucion "         "0.408886760403125"
[1] "34"                "solucion "         "0.408886760403125"
[1] "35"                "solucion "         "0.408886760403125"
[1] "36"                "solucion "         "0.408886760403125"
[1] "37"                "solucion "         "0.408886760403125"
[1] "38"                "solucion "         "0.408886760403125"
[1] "39"                "solucion "         "0.408886760403125"
[1] "40"                "solucion "         "0.408886760403125"
[1] "41"                "solucion "         "0.408886760403125"
[1] "42"                "solucion "         "0.408886760403125"
[1] "43"                "solucion "         "0.408886760403125"
[1] "44"                "solucion "         "0.408886760403125"
[1] "45"                "solucion "         "0.408886760403125"
[1] "46"                "solucion "         "0.408886760403125"
[1] "47"                "solucion "         "0.408886760403125"
[1] "48"                "solucion "         "0.408886760403125"
[1] "49"                "solucion "         "0.408886760403125"
[1] "50"                "solucion "         "0.408886760403125"
[1] "51"                "solucion "         "0.408886760403125"
[1] "52"                "solucion "         "0.408886760403125"
[1] "53"                "solucion "         "0.408886760403125"
[1] "54"                "solucion "         "0.408886760403125"
[1] "55"                "solucion "         "0.408886760403125"
[1] "56"                "solucion "         "0.408886760403125"
[1] "57"                "solucion "         "0.408886760403125"
[1] "58"                "solucion "         "0.408886760403125"
[1] "59"                "solucion "         "0.408886760403125"
[1] "60"                "solucion "         "0.408886760403125"
[1] "61"                "solucion "         "0.408886760403125"
[1] "62"                "solucion "         "0.408886760403125"
[1] "63"                "solucion "         "0.408886760403125"
[1] "64"                "solucion "         "0.408886760403125"
[1] "65"                "solucion "         "0.408886760403125"
[1] "66"                "solucion "         "0.408886760403125"
[1] "67"                "solucion "         "0.408886760403125"
[1] "68"                "solucion "         "0.408886760403125"
[1] "69"                "solucion "         "0.408886760403125"
[1] "70"                "solucion "         "0.408886760403125"
[1] "71"                "solucion "         "0.408886760403125"
[1] "72"                "solucion "         "0.408886760403125"
[1] "73"                "solucion "         "0.408886760403125"
[1] "74"                "solucion "         "0.408886760403125"
[1] "75"                "solucion "         "0.408886760403125"
[1] "76"                "solucion "         "0.408886760403125"
[1] "77"                "solucion "         "0.408886760403125"
[1] "78"                "solucion "         "0.408886760403125"
[1] "79"                "solucion "         "0.408886760403125"
[1] "80"                "solucion "         "0.408886760403125"
[1] "81"                "solucion "         "0.408886760403125"
[1] "82"                "solucion "         "0.408886760403125"
[1] "83"                "solucion "         "0.408886760403125"
[1] "84"                "solucion "         "0.408886760403125"
[1] "85"                "solucion "         "0.408886760403125"
[1] "86"                "solucion "         "0.408886760403125"
[1] "87"                "solucion "         "0.408886760403125"
[1] "88"                "solucion "         "0.408886760403125"
[1] "89"                "solucion "         "0.408886760403125"
[1] "90"                "solucion "         "0.408886760403125"
[1] "91"                "solucion "         "0.408886760403125"
[1] "92"                "solucion "         "0.408886760403125"
[1] "93"                "solucion "         "0.408886760403125"
[1] "94"                "solucion "         "0.408886760403125"
[1] "95"                "solucion "         "0.408886760403125"
[1] "96"                "solucion "         "0.408886760403125"
[1] "97"                "solucion "         "0.408886760403125"
[1] "98"                "solucion "         "0.408886760403125"
[1] "99"                "solucion "         "0.408886760403125"
[1] "100"               "solucion "         "0.408886760403125"
[1] "42754.142" "0.134"     "42819.548" "0"         "0"        
[1] "valor fitness "    "0.408886760403125" "posicion "        
[4] "45"               
Error in VectorFinal[posicion] <- 1 : invalid subscript type 'list'
Calls: vectorJaccard
Execution halted
[1] "1"                 "solucion "         "0.349631307703594"
[1] "2"                 "solucion "         "0.380032225274998"
[1] "3"                 "solucion "         "0.386686555472688"
[1] "4"                 "solucion "         "0.389438144232787"
[1] "5"                 "solucion "         "0.389438144232787"
[1] "6"                 "solucion "         "0.389438144232787"
[1] "7"                 "solucion "         "0.389438144232787"
[1] "8"                 "solucion "         "0.395340332875784"
[1] "9"                 "solucion "         "0.395340332875784"
[1] "10"                "solucion "         "0.395340332875784"
[1] "11"                "solucion "         "0.395340332875784"
[1] "12"                "solucion "         "0.395340332875784"
[1] "13"                "solucion "         "0.402962400889007"
[1] "14"                "solucion "         "0.402962400889007"
[1] "15"                "solucion "         "0.402962400889007"
[1] "16"                "solucion "         "0.402962400889007"
[1] "17"                "solucion "         "0.402962400889007"
[1] "18"                "solucion "         "0.402962400889007"
[1] "19"                "solucion "         "0.402962400889007"
[1] "20"                "solucion "         "0.402962400889007"
[1] "21"                "solucion "         "0.402962400889007"
[1] "22"                "solucion "         "0.402962400889007"
[1] "23"                "solucion "         "0.402962400889007"
[1] "24"                "solucion "         "0.402962400889007"
[1] "25"                "solucion "         "0.402962400889007"
[1] "26"                "solucion "         "0.402962400889007"
[1] "27"                "solucion "         "0.402962400889007"
[1] "28"                "solucion "         "0.402962400889007"
[1] "29"                "solucion "         "0.402962400889007"
[1] "30"                "solucion "         "0.402962400889007"
[1] "31"                "solucion "         "0.402962400889007"
[1] "32"                "solucion "         "0.402962400889007"
[1] "33"                "solucion "         "0.402962400889007"
[1] "34"                "solucion "         "0.402962400889007"
[1] "35"                "solucion "         "0.402962400889007"
[1] "36"                "solucion "         "0.402962400889007"
[1] "37"                "solucion "         "0.408954601494069"
[1] "38"                "solucion "         "0.408954601494069"
[1] "39"                "solucion "         "0.408954601494069"
[1] "40"                "solucion "         "0.408954601494069"
[1] "41"                "solucion "         "0.408954601494069"
[1] "42"                "solucion "         "0.408954601494069"
[1] "43"                "solucion "         "0.408954601494069"
[1] "44"                "solucion "         "0.408954601494069"
[1] "45"                "solucion "         "0.408954601494069"
[1] "46"                "solucion "         "0.408954601494069"
[1] "47"                "solucion "         "0.408954601494069"
[1] "48"                "solucion "         "0.410067306426164"
[1] "49"                "solucion "         "0.410067306426164"
[1] "50"                "solucion "         "0.410067306426164"
[1] "51"                "solucion "         "0.410067306426164"
[1] "52"                "solucion "         "0.410067306426164"
[1] "53"                "solucion "         "0.410067306426164"
[1] "54"                "solucion "         "0.410067306426164"
[1] "55"                "solucion "         "0.410067306426164"
[1] "56"                "solucion "         "0.410067306426164"
[1] "57"                "solucion "         "0.410067306426164"
[1] "58"                "solucion "         "0.410067306426164"
[1] "59"                "solucion "         "0.410067306426164"
[1] "60"                "solucion "         "0.410067306426164"
[1] "61"                "solucion "         "0.410067306426164"
[1] "62"                "solucion "         "0.410067306426164"
[1] "63"                "solucion "         "0.410067306426164"
[1] "64"                "solucion "         "0.410067306426164"
[1] "65"                "solucion "         "0.410067306426164"
[1] "66"                "solucion "         "0.410067306426164"
[1] "67"                "solucion "         "0.410067306426164"
[1] "68"                "solucion "         "0.410067306426164"
[1] "69"                "solucion "         "0.410067306426164"
[1] "70"                "solucion "         "0.410067306426164"
[1] "71"                "solucion "         "0.410067306426164"
[1] "72"                "solucion "         "0.410067306426164"
[1] "73"                "solucion "         "0.410067306426164"
[1] "74"                "solucion "         "0.410067306426164"
[1] "75"                "solucion "         "0.410067306426164"
[1] "76"                "solucion "         "0.410067306426164"
[1] "77"                "solucion "         "0.410067306426164"
[1] "78"                "solucion "         "0.410067306426164"
[1] "79"                "solucion "         "0.410067306426164"
[1] "80"                "solucion "         "0.410067306426164"
[1] "81"                "solucion "         "0.410067306426164"
[1] "82"                "solucion "         "0.410067306426164"
[1] "83"                "solucion "         "0.410067306426164"
[1] "84"                "solucion "         "0.410067306426164"
[1] "85"                "solucion "         "0.410067306426164"
[1] "86"                "solucion "         "0.410067306426164"
[1] "87"                "solucion "         "0.410067306426164"
[1] "88"                "solucion "         "0.410067306426164"
[1] "89"                "solucion "         "0.410067306426164"
[1] "90"                "solucion "         "0.410067306426164"
[1] "91"                "solucion "         "0.410067306426164"
[1] "92"                "solucion "         "0.410067306426164"
[1] "93"                "solucion "         "0.410067306426164"
[1] "94"                "solucion "         "0.410067306426164"
[1] "95"                "solucion "         "0.410067306426164"
[1] "96"                "solucion "         "0.410067306426164"
[1] "97"                "solucion "         "0.410067306426164"
[1] "98"                "solucion "         "0.410067306426164"
[1] "99"                "solucion "         "0.410067306426164"
[1] "100"               "solucion "         "0.410067306426164"
[1] "40611.463" "0.496"     "40669.007" "0"         "0"        
[1] "valor fitness "    "0.410067306426164" "posicion "        
[4] "12"               
   [1] 1 3 3 4 2 1 4 1 3 4 2 2 2 2 2 4 1 4 3 3 3 2 1 3 1 4 4 2 4 4 3 2 2 2 4 4 2
  [38] 4 1 1 1 2 1 2 4 1 1 4 4 1 1 4 2 4 3 1 1 1 1 2 3 1 2 3 4 4 4 4 4 2 1 4 1 4
  [75] 3 4 1 1 1 4 4 1 1 3 2 1 4 4 2 1 4 4 3 4 4 1 4 3 1 1 1 2 3 4 2 4 1 1 1 1 1
 [112] 2 2 4 4 4 4 1 2 2 2 4 2 2 2 4 4 4 1 2 2 4 4 1 2 4 4 4 2 2 2 4 4 1 3 3 2 4
 [149] 4 3 2 2 4 1 1 1 1 1 3 4 1 2 4 4 2 3 4 1 2 4 3 4 4 4 3 4 2 4 2 2 4 1 2 1 3
 [186] 1 2 4 4 4 2 2 3 2 1 1 2 4 2 1 2 2 4 4 2 4 4 4 1 4 2 2 2 1 1 2 3 3 1 4 1 4
 [223] 1 4 4 2 1 3 4 2 3 2 4 2 2 4 2 2 3 2 2 3 2 2 2 1 3 4 2 4 2 2 3 2 3 4 3 1 2
 [260] 4 2 4 2 4 4 4 4 4 4 1 4 2 3 4 1 4 4 3 1 1 1 4 2 4 3 2 2 1 2 4 3 3 1 4 3 3
 [297] 2 1 1 3 3 4 4 4 3 1 3 1 2 1 3 2 1 1 1 2 1 4 2 2 4 1 2 2 2 3 1 3 4 1 2 4 3
 [334] 2 4 4 4 3 4 4 4 2 3 4 2 1 1 4 4 4 4 4 4 2 3 4 4 2 1 1 2 1 1 4 4 1 4 2 2 1
 [371] 3 2 2 2 3 3 1 1 4 4 1 1 1 4 2 3 1 1 1 4 2 1 1 1 2 3 1 1 1 1 4 1 3 1 1 1 1
 [408] 1 2 4 2 3 4 1 4 4 1 4 2 4 4 2 3 2 1 2 3 2 1 1 2 2 1 2 1 3 2 2 4 1 3 3 3 2
 [445] 2 2 2 2 2 2 1 1 1 4 2 2 1 2 1 3 2 3 1 1 4 2 3 1 1 3 1 2 4 2 2 1 1 3 4 1 4
 [482] 1 2 2 1 1 1 2 1 4 1 1 4 4 1 2 2 4 2 2 2 3 2 1 1 4 3 2 3 4 4 2 4 3 2 4 3 2
 [519] 1 2 2 4 1 1 4 3 1 1 1 3 4 4 4 4 2 2 3 1 1 4 1 2 2 3 4 2 1 2 2 4 1 4 4 4 1
 [556] 4 4 1 3 1 2 2 2 4 1 3 4 2 3 1 4 4 3 3 3 2 3 2 4 4 3 2 1 1 3 1 4 1 1 1 2 4
 [593] 1 2 1 2 2 1 4 1 3 3 4 4 1 4 1 1 3 4 4 1 1 1 3 1 2 1 2 4 3 4 3 4 1 2 2 4 3
 [630] 1 1 1 4 2 4 1 4 2 1 4 4 1 4 2 2 1 4 1 1 1 2 1 3 2 2 4 1 1 1 2 2 1 3 2 3 4
 [667] 3 3 4 4 4 1 1 3 3 1 1 2 1 1 1 2 2 3 1 3 1 3 4 4 1 3 4 4 3 1 3 2 4 1 2 4 2
 [704] 4 4 4 1 1 4 1 4 4 1 4 4 4 2 1 4 4 1 2 1 1 4 4 2 2 4 1 1 2 3 4 2 4 2 1 1 2
 [741] 1 3 3 1 4 1 4 1 4 1 1 3 2 2 4 4 2 2 3 3 4 2 3 3 2 3 1 1 3 4 1 2 1 2 3 3 2
 [778] 1 2 1 4 1 2 3 2 2 2 2 1 3 1 4 2 2 4 1 2 1 1 4 1 4 2 1 1 2 1 2 2 1 3 2 1 2
 [815] 4 2 1 4 1 1 1 2 4 4 1 1 4 3 4 3 2 2 1 1 1 2 3 1 2 2 2 2 1 4 2 4 4 1 2 4 2
 [852] 4 1 1 1 2 1 1 1 4 2 1 1 4 2 3 2 4 2 1 2 4 4 3 4 4 1 2 2 1 1 3 1 4 4 1 2 1
 [889] 1 3 1 4 2 4 1 3 1 4 1 1 4 2 1 1 1 2 1 3 3 4 2 1 1 4 3 2 4 4 1 4 4 4 1 2 4
 [926] 4 4 2 1 1 2 4 4 4 3 2 1 3 2 4 1 4 3 1 2 3 4 4 1 4 1 1 4 1 1 1 2 1 3 1 1 4
 [963] 4 2 1 4 2 4 4 3 4 4 4 4 2 3 3 2 3 3 4 3 4 1 2 4 1 4 2 1 1 3 1 1 4 4 1 1 4
[1000] 4 4 1 2 4 1 1 1 4 2 3 2 2 4 2 4 1 1 2 4 3 4 1 4 4 4 4 2 2 1 4 1 2 1 2 1 4
[1037] 3 4 1 2 4 2 1 2 4 4 1 2 4 1 1 2 4 2 4 1 1 1 2 1 3 2 2 4 1 2 3 2 4 4 3 1 2
[1074] 2 3 4 4 1 2 1 1 1 2 2 2 2 4 2 4 3 3 4 1 3 1 4 4 4 2 2 1 2 3 1 3 1 1 4 4 1
[1111] 1 3 3 3 4 4 4 2 2 1 1 2 2 2 3 3 3 3 2 2 1 3 4 4 1 2 3 4 1 4 2 4 3 1 2 2 3
[1148] 4 4 2 1 2 1 2 2 1 2 2 1 4 3 3 1 1 4 3 2 1 4 1 3 2 1 2 1 1 1 3 1 4 1 1 1 4
[1185] 1 4 4 3 1 1 1 1 1 1 2 1 1 1 4 3
[1] "1"                 "solucion "         "0.353768803640537"
[1] "2"                 "solucion "         "0.384468576855762"
[1] "3"                 "solucion "         "0.388687968417723"
[1] "4"                "solucion "        "0.40032407946121"
[1] "5"                "solucion "        "0.40032407946121"
[1] "6"                "solucion "        "0.40032407946121"
[1] "7"                "solucion "        "0.40032407946121"
[1] "8"                "solucion "        "0.40032407946121"
[1] "9"                "solucion "        "0.40032407946121"
[1] "10"               "solucion "        "0.40032407946121"
[1] "11"                "solucion "         "0.404121483630114"
[1] "12"                "solucion "         "0.404121483630114"
[1] "13"                "solucion "         "0.404121483630114"
[1] "14"                "solucion "         "0.404121483630114"
[1] "15"                "solucion "         "0.404121483630114"
[1] "16"                "solucion "         "0.404121483630114"
[1] "17"                "solucion "         "0.404121483630114"
[1] "18"                "solucion "         "0.404121483630114"
[1] "19"               "solucion "        "0.41033672164358"
[1] "20"               "solucion "        "0.41033672164358"
[1] "21"               "solucion "        "0.41033672164358"
[1] "22"               "solucion "        "0.41033672164358"
[1] "23"               "solucion "        "0.41033672164358"
[1] "24"               "solucion "        "0.41033672164358"
[1] "25"               "solucion "        "0.41033672164358"
[1] "26"               "solucion "        "0.41033672164358"
[1] "27"               "solucion "        "0.41033672164358"
[1] "28"               "solucion "        "0.41033672164358"
[1] "29"               "solucion "        "0.41033672164358"
[1] "30"               "solucion "        "0.41033672164358"
[1] "31"               "solucion "        "0.41033672164358"
[1] "32"               "solucion "        "0.41033672164358"
[1] "33"               "solucion "        "0.41033672164358"
[1] "34"               "solucion "        "0.41033672164358"
[1] "35"               "solucion "        "0.41033672164358"
[1] "36"               "solucion "        "0.41033672164358"
[1] "37"               "solucion "        "0.41033672164358"
[1] "38"               "solucion "        "0.41033672164358"
[1] "39"               "solucion "        "0.41033672164358"
[1] "40"               "solucion "        "0.41033672164358"
[1] "41"               "solucion "        "0.41033672164358"
[1] "42"               "solucion "        "0.41033672164358"
[1] "43"               "solucion "        "0.41033672164358"
[1] "44"               "solucion "        "0.41033672164358"
[1] "45"               "solucion "        "0.41033672164358"
[1] "46"               "solucion "        "0.41033672164358"
[1] "47"               "solucion "        "0.41033672164358"
[1] "48"               "solucion "        "0.41033672164358"
[1] "49"               "solucion "        "0.41033672164358"
[1] "50"               "solucion "        "0.41033672164358"
[1] "51"               "solucion "        "0.41033672164358"
[1] "52"               "solucion "        "0.41033672164358"
[1] "53"               "solucion "        "0.41033672164358"
[1] "54"               "solucion "        "0.41033672164358"
[1] "55"               "solucion "        "0.41033672164358"
[1] "56"               "solucion "        "0.41033672164358"
[1] "57"               "solucion "        "0.41033672164358"
[1] "58"               "solucion "        "0.41033672164358"
[1] "59"               "solucion "        "0.41033672164358"
[1] "60"               "solucion "        "0.41033672164358"
[1] "61"               "solucion "        "0.41033672164358"
[1] "62"               "solucion "        "0.41033672164358"
[1] "63"               "solucion "        "0.41033672164358"
[1] "64"               "solucion "        "0.41033672164358"
[1] "65"               "solucion "        "0.41033672164358"
[1] "66"               "solucion "        "0.41033672164358"
[1] "67"               "solucion "        "0.41033672164358"
[1] "68"                "solucion "         "0.410597905008368"
[1] "69"                "solucion "         "0.410597905008368"
[1] "70"                "solucion "         "0.410597905008368"
[1] "71"                "solucion "         "0.410597905008368"
[1] "72"                "solucion "         "0.410597905008368"
[1] "73"                "solucion "         "0.410597905008368"
[1] "74"                "solucion "         "0.410597905008368"
[1] "75"                "solucion "         "0.410597905008368"
[1] "76"                "solucion "         "0.410597905008368"
[1] "77"                "solucion "         "0.410597905008368"
[1] "78"                "solucion "         "0.410597905008368"
[1] "79"                "solucion "         "0.410597905008368"
[1] "80"                "solucion "         "0.410597905008368"
[1] "81"                "solucion "         "0.410597905008368"
[1] "82"                "solucion "         "0.410597905008368"
[1] "83"                "solucion "         "0.410597905008368"
[1] "84"                "solucion "         "0.410597905008368"
[1] "85"                "solucion "         "0.410597905008368"
[1] "86"                "solucion "         "0.410597905008368"
[1] "87"                "solucion "         "0.410597905008368"
[1] "88"                "solucion "         "0.410597905008368"
[1] "89"                "solucion "         "0.410597905008368"
[1] "90"                "solucion "         "0.410597905008368"
[1] "91"                "solucion "         "0.410597905008368"
[1] "92"                "solucion "         "0.410597905008368"
[1] "93"                "solucion "         "0.410597905008368"
[1] "94"                "solucion "         "0.410597905008368"
[1] "95"                "solucion "         "0.410597905008368"
[1] "96"                "solucion "         "0.410597905008368"
[1] "97"                "solucion "         "0.410597905008368"
[1] "98"                "solucion "         "0.410597905008368"
[1] "99"                "solucion "         "0.410597905008368"
[1] "100"               "solucion "         "0.410597905008368"
[1] "41135.199" "0.331"     "41182.048" "0"         "0"        
[1] "valor fitness "    "0.410597905008368" "posicion "        
[4] "21"               
   [1] 1 3 3 4 2 1 4 1 3 3 2 2 2 2 2 4 1 4 3 3 3 3 1 3 1 4 3 2 4 4 3 2 2 2 4 4 2
  [38] 1 1 1 4 2 1 2 4 1 1 4 4 1 1 4 2 4 3 1 1 1 1 2 3 1 2 3 3 4 1 3 4 2 1 4 1 4
  [75] 3 4 1 1 1 4 4 1 1 3 4 1 4 4 2 1 1 3 3 4 4 1 4 3 1 2 1 2 3 4 2 3 1 1 1 1 1
 [112] 2 2 4 4 4 4 4 2 2 2 3 2 2 2 4 4 4 1 2 2 3 3 1 2 4 4 4 2 2 2 4 4 1 3 3 2 4
 [149] 4 3 2 2 4 4 1 1 1 1 3 4 1 1 4 4 2 3 3 1 3 4 3 4 4 4 2 4 2 4 2 2 3 1 3 1 3
 [186] 1 2 4 4 3 2 2 3 2 1 1 2 4 2 1 2 2 3 4 2 4 4 4 1 4 2 3 3 1 1 2 3 2 1 4 1 4
 [223] 1 4 1 2 1 3 4 2 3 2 3 2 2 3 2 2 3 3 2 3 3 2 2 1 3 4 4 4 2 2 3 2 3 4 3 1 2
 [260] 4 2 3 3 4 3 4 4 4 1 4 3 2 3 4 1 4 4 3 1 1 1 4 3 3 3 2 2 2 2 4 3 3 1 4 3 3
 [297] 2 1 1 3 3 3 4 4 3 1 3 1 2 1 3 2 1 4 1 2 1 4 2 3 4 1 2 2 2 3 1 3 4 1 1 3 3
 [334] 2 4 4 4 3 4 4 3 2 3 1 2 1 1 4 4 4 4 4 4 2 2 4 4 3 1 1 2 1 1 4 4 1 4 2 2 1
 [371] 3 2 2 2 3 3 1 1 4 4 1 1 1 3 2 2 1 1 1 3 2 1 1 4 2 3 1 1 1 1 3 1 3 1 1 1 1
 [408] 1 2 4 2 3 3 1 4 3 1 4 2 4 1 2 3 3 4 2 3 2 2 1 2 4 1 2 1 3 2 4 4 1 3 3 2 2
 [445] 2 2 2 2 2 3 1 1 1 1 2 2 1 2 1 3 2 3 1 1 1 2 3 1 2 3 1 4 4 2 2 1 1 3 4 1 4
 [482] 1 2 2 2 2 1 3 1 4 1 4 4 4 2 2 2 4 2 3 2 3 2 4 1 4 3 2 3 4 4 4 4 3 2 4 3 2
 [519] 1 3 2 4 4 1 4 3 1 1 1 3 4 1 4 4 2 2 3 1 2 4 1 2 2 3 4 3 1 2 2 4 1 3 4 4 1
 [556] 3 3 1 3 4 2 2 4 3 1 3 3 2 3 1 3 2 3 3 3 2 3 2 1 4 3 2 1 1 3 1 4 1 1 4 2 1
 [593] 1 2 4 2 2 1 4 1 3 3 4 4 1 3 1 4 3 4 4 1 1 1 3 1 2 1 2 3 3 4 3 4 1 2 2 4 3
 [630] 4 1 1 4 2 1 1 4 2 1 4 1 1 1 2 2 1 4 1 1 1 2 1 3 2 2 4 1 1 1 2 2 1 3 2 3 2
 [667] 3 3 4 4 4 1 1 3 3 1 4 2 1 1 1 2 2 1 1 3 1 3 1 3 1 2 4 4 3 1 3 2 4 4 2 4 2
 [704] 4 3 1 1 1 4 1 4 4 1 1 1 4 2 1 1 4 2 4 1 1 4 3 2 2 4 1 1 2 3 4 2 4 2 1 1 2
 [741] 1 3 3 1 4 1 4 1 3 1 1 3 4 3 3 3 2 4 3 3 4 2 3 3 2 3 1 1 3 4 1 2 1 2 3 3 2
 [778] 1 2 1 4 1 2 3 2 4 2 2 4 3 1 4 2 1 3 4 2 1 1 1 1 4 3 1 1 2 1 2 2 1 3 3 1 2
 [815] 1 2 4 3 1 1 4 2 4 4 1 1 4 2 4 3 2 3 1 1 1 2 3 1 2 2 2 2 1 3 2 3 1 1 3 4 2
 [852] 4 1 1 1 2 1 1 1 4 2 1 1 4 2 2 3 4 2 1 2 4 4 3 3 4 1 3 2 2 1 3 1 1 4 1 2 1
 [889] 1 3 1 4 2 4 1 3 1 4 4 1 4 2 2 1 1 2 1 3 3 4 2 1 1 4 3 2 4 4 1 4 4 4 1 4 4
 [926] 4 3 2 2 1 2 4 1 4 3 2 1 3 2 3 1 4 3 4 2 2 3 1 1 1 1 1 4 1 1 1 2 1 3 1 1 4
 [963] 4 2 2 4 2 4 4 3 4 4 4 4 4 3 3 2 3 3 4 3 4 1 3 3 1 4 2 1 1 2 1 1 3 4 1 4 4
[1000] 3 1 1 2 4 1 1 1 1 2 3 2 2 4 3 4 1 1 2 4 3 4 1 4 3 3 3 3 2 1 1 1 2 1 3 1 4
[1037] 3 4 1 2 4 2 1 2 4 4 1 2 4 1 4 2 1 2 4 4 1 1 2 1 2 2 2 4 1 3 2 2 3 3 3 1 2
[1074] 2 3 4 4 1 2 2 2 1 2 2 2 2 1 3 3 3 2 4 1 3 1 1 4 4 2 2 1 2 3 1 3 1 1 1 1 1
[1111] 1 3 3 3 4 4 1 2 2 1 1 2 3 2 3 3 3 3 2 2 2 3 4 4 1 2 3 1 1 4 2 3 3 2 3 2 3
[1148] 4 4 2 1 4 1 2 2 1 2 4 2 4 2 2 1 1 4 3 2 1 4 1 3 2 4 2 1 1 4 3 1 4 1 1 2 4
[1185] 4 3 3 3 1 1 1 1 1 1 2 1 1 1 1 3
[1] "1"                 "solucion "         "0.368165395154652"
[1] "2"                 "solucion "         "0.388494133766357"
[1] "3"                 "solucion "         "0.405142693209638"
[1] "4"                 "solucion "         "0.405142693209638"
[1] "5"                 "solucion "         "0.405142693209638"
[1] "6"                 "solucion "         "0.405142693209638"
[1] "7"                 "solucion "         "0.405142693209638"
[1] "8"                 "solucion "         "0.405142693209638"
[1] "9"                "solucion "        "0.40618880557249"
[1] "10"               "solucion "        "0.40618880557249"
[1] "11"               "solucion "        "0.40618880557249"
[1] "12"               "solucion "        "0.40618880557249"
[1] "13"               "solucion "        "0.40618880557249"
[1] "14"               "solucion "        "0.40618880557249"
[1] "15"               "solucion "        "0.40618880557249"
[1] "16"                "solucion "         "0.407214955452397"
[1] "17"                "solucion "         "0.407214955452397"
[1] "18"                "solucion "         "0.407214955452397"
[1] "19"                "solucion "         "0.407214955452397"
[1] "20"                "solucion "         "0.407214955452397"
[1] "21"                "solucion "         "0.407214955452397"
[1] "22"                "solucion "         "0.407214955452397"
[1] "23"                "solucion "         "0.407214955452397"
[1] "24"                "solucion "         "0.407214955452397"
[1] "25"                "solucion "         "0.407214955452397"
[1] "26"                "solucion "         "0.407214955452397"
[1] "27"                "solucion "         "0.407214955452397"
[1] "28"                "solucion "         "0.407389198660206"
[1] "29"                "solucion "         "0.407389198660206"
[1] "30"                "solucion "         "0.407389198660206"
[1] "31"                "solucion "         "0.408657791232637"
[1] "32"                "solucion "         "0.408657791232637"
[1] "33"                "solucion "         "0.408657791232637"
[1] "34"                "solucion "         "0.408657791232637"
[1] "35"                "solucion "         "0.408657791232637"
[1] "36"                "solucion "         "0.408657791232637"
[1] "37"                "solucion "         "0.408657791232637"
[1] "38"                "solucion "         "0.408657791232637"
[1] "39"                "solucion "         "0.408657791232637"
[1] "40"                "solucion "         "0.408657791232637"
[1] "41"                "solucion "         "0.408657791232637"
[1] "42"                "solucion "         "0.408657791232637"
[1] "43"                "solucion "         "0.408657791232637"
[1] "44"                "solucion "         "0.408657791232637"
[1] "45"                "solucion "         "0.408657791232637"
[1] "46"                "solucion "         "0.408657791232637"
[1] "47"                "solucion "         "0.408657791232637"
[1] "48"                "solucion "         "0.408657791232637"
[1] "49"                "solucion "         "0.408657791232637"
[1] "50"                "solucion "         "0.408657791232637"
[1] "51"                "solucion "         "0.408657791232637"
[1] "52"                "solucion "         "0.408657791232637"
[1] "53"                "solucion "         "0.408657791232637"
[1] "54"                "solucion "         "0.408657791232637"
[1] "55"                "solucion "         "0.408657791232637"
[1] "56"                "solucion "         "0.408657791232637"
[1] "57"                "solucion "         "0.408657791232637"
[1] "58"                "solucion "         "0.408657791232637"
[1] "59"                "solucion "         "0.408657791232637"
[1] "60"                "solucion "         "0.408657791232637"
[1] "61"                "solucion "         "0.408657791232637"
[1] "62"                "solucion "         "0.408657791232637"
[1] "63"                "solucion "         "0.408657791232637"
[1] "64"                "solucion "         "0.408657791232637"
[1] "65"                "solucion "         "0.408657791232637"
[1] "66"                "solucion "         "0.408657791232637"
[1] "67"                "solucion "         "0.408657791232637"
[1] "68"                "solucion "         "0.408657791232637"
[1] "69"                "solucion "         "0.408657791232637"
[1] "70"                "solucion "         "0.408657791232637"
[1] "71"                "solucion "         "0.408657791232637"
[1] "72"                "solucion "         "0.408657791232637"
[1] "73"                "solucion "         "0.408657791232637"
[1] "74"                "solucion "         "0.408657791232637"
[1] "75"                "solucion "         "0.408657791232637"
[1] "76"                "solucion "         "0.409223284023983"
